PREHOOK: query: create table cmv_basetable (a int, b varchar(256), c decimal(10,2), d int) stored as orc TBLPROPERTIES ('transactional'='true')
PREHOOK: type: CREATETABLE
PREHOOK: Output: database:default
PREHOOK: Output: default@cmv_basetable
POSTHOOK: query: create table cmv_basetable (a int, b varchar(256), c decimal(10,2), d int) stored as orc TBLPROPERTIES ('transactional'='true')
POSTHOOK: type: CREATETABLE
POSTHOOK: Output: database:default
POSTHOOK: Output: default@cmv_basetable
PREHOOK: query: insert into cmv_basetable values
 (1, 'alfred', 10.30, 2),
 (2, 'bob', 3.14, 3),
 (2, 'bonnie', 172342.2, 3),
 (3, 'calvin', 978.76, 3),
 (3, 'charlie', 9.8, 1)
PREHOOK: type: QUERY
PREHOOK: Input: _dummy_database@_dummy_table
PREHOOK: Output: default@cmv_basetable
POSTHOOK: query: insert into cmv_basetable values
 (1, 'alfred', 10.30, 2),
 (2, 'bob', 3.14, 3),
 (2, 'bonnie', 172342.2, 3),
 (3, 'calvin', 978.76, 3),
 (3, 'charlie', 9.8, 1)
POSTHOOK: type: QUERY
POSTHOOK: Input: _dummy_database@_dummy_table
POSTHOOK: Output: default@cmv_basetable
POSTHOOK: Lineage: cmv_basetable.a SCRIPT []
POSTHOOK: Lineage: cmv_basetable.b SCRIPT []
POSTHOOK: Lineage: cmv_basetable.c SCRIPT []
POSTHOOK: Lineage: cmv_basetable.d SCRIPT []
PREHOOK: query: CREATE MATERIALIZED VIEW cmv_mat_view ENABLE REWRITE
STORED BY 'org.apache.hadoop.hive.druid.DruidStorageHandler'
TBLPROPERTIES ("druid.segment.granularity" = "HOUR")
AS
<<<<<<< HEAD
SELECT cast(current_timestamp() as timestamp with local time zone) as `__time`, a, b, cast(c as double)
=======
SELECT cast(current_timestamp() as timestamp with local time zone) as `__time`, a, b, c
>>>>>>> 9c9d1a9... add result file
FROM cmv_basetable
WHERE a = 2
PREHOOK: type: CREATE_MATERIALIZED_VIEW
PREHOOK: Input: default@cmv_basetable
PREHOOK: Output: database:default
PREHOOK: Output: default@cmv_mat_view
POSTHOOK: query: CREATE MATERIALIZED VIEW cmv_mat_view ENABLE REWRITE
STORED BY 'org.apache.hadoop.hive.druid.DruidStorageHandler'
TBLPROPERTIES ("druid.segment.granularity" = "HOUR")
AS
<<<<<<< HEAD
SELECT cast(current_timestamp() as timestamp with local time zone) as `__time`, a, b, cast(c as double)
=======
SELECT cast(current_timestamp() as timestamp with local time zone) as `__time`, a, b, c
>>>>>>> 9c9d1a9... add result file
FROM cmv_basetable
WHERE a = 2
POSTHOOK: type: CREATE_MATERIALIZED_VIEW
POSTHOOK: Input: default@cmv_basetable
POSTHOOK: Output: database:default
POSTHOOK: Output: default@cmv_mat_view
PREHOOK: query: SELECT a, b, c FROM cmv_mat_view
PREHOOK: type: QUERY
PREHOOK: Input: default@cmv_mat_view
<<<<<<< HEAD
#### A masked pattern was here ####
POSTHOOK: query: SELECT a, b, c FROM cmv_mat_view
POSTHOOK: type: QUERY
POSTHOOK: Input: default@cmv_mat_view
#### A masked pattern was here ####
2	bob	3.140000104904175
2	bonnie	172342.203125
=======
PREHOOK: Output: hdfs://### HDFS PATH ###
POSTHOOK: query: SELECT a, b, c FROM cmv_mat_view
POSTHOOK: type: QUERY
POSTHOOK: Input: default@cmv_mat_view
POSTHOOK: Output: hdfs://### HDFS PATH ###
2	bob	3.14
2	bonnie	172342.20
>>>>>>> 9c9d1a9... add result file
PREHOOK: query: SHOW TBLPROPERTIES cmv_mat_view
PREHOOK: type: SHOW_TBLPROPERTIES
POSTHOOK: query: SHOW TBLPROPERTIES cmv_mat_view
POSTHOOK: type: SHOW_TBLPROPERTIES
COLUMN_STATS_ACCURATE	{"BASIC_STATS":"true"}
druid.datasource	default.cmv_mat_view
druid.segment.granularity	HOUR
numFiles	0
numRows	2
rawDataSize	0
storage_handler	org.apache.hadoop.hive.druid.DruidStorageHandler
totalSize	0
#### A masked pattern was here ####
PREHOOK: query: CREATE MATERIALIZED VIEW IF NOT EXISTS cmv_mat_view2 ENABLE REWRITE
STORED BY 'org.apache.hadoop.hive.druid.DruidStorageHandler'
TBLPROPERTIES ("druid.segment.granularity" = "HOUR")
AS
<<<<<<< HEAD
SELECT cast(current_timestamp() as timestamp with local time zone) as `__time`, a, cast(c as double)
=======
SELECT cast(current_timestamp() as timestamp with local time zone) as `__time`, a, c
>>>>>>> 9c9d1a9... add result file
FROM cmv_basetable
WHERE a = 3
PREHOOK: type: CREATE_MATERIALIZED_VIEW
PREHOOK: Input: default@cmv_basetable
PREHOOK: Output: database:default
PREHOOK: Output: default@cmv_mat_view2
POSTHOOK: query: CREATE MATERIALIZED VIEW IF NOT EXISTS cmv_mat_view2 ENABLE REWRITE
STORED BY 'org.apache.hadoop.hive.druid.DruidStorageHandler'
TBLPROPERTIES ("druid.segment.granularity" = "HOUR")
AS
<<<<<<< HEAD
SELECT cast(current_timestamp() as timestamp with local time zone) as `__time`, a, cast(c as double)
=======
SELECT cast(current_timestamp() as timestamp with local time zone) as `__time`, a, c
>>>>>>> 9c9d1a9... add result file
FROM cmv_basetable
WHERE a = 3
POSTHOOK: type: CREATE_MATERIALIZED_VIEW
POSTHOOK: Input: default@cmv_basetable
POSTHOOK: Output: database:default
POSTHOOK: Output: default@cmv_mat_view2
PREHOOK: query: SELECT a, c FROM cmv_mat_view2
PREHOOK: type: QUERY
PREHOOK: Input: default@cmv_mat_view2
<<<<<<< HEAD
#### A masked pattern was here ####
POSTHOOK: query: SELECT a, c FROM cmv_mat_view2
POSTHOOK: type: QUERY
POSTHOOK: Input: default@cmv_mat_view2
#### A masked pattern was here ####
6	988.5599975585938
=======
PREHOOK: Output: hdfs://### HDFS PATH ###
POSTHOOK: query: SELECT a, c FROM cmv_mat_view2
POSTHOOK: type: QUERY
POSTHOOK: Input: default@cmv_mat_view2
POSTHOOK: Output: hdfs://### HDFS PATH ###
6	988.56
>>>>>>> 9c9d1a9... add result file
PREHOOK: query: SHOW TBLPROPERTIES cmv_mat_view2
PREHOOK: type: SHOW_TBLPROPERTIES
POSTHOOK: query: SHOW TBLPROPERTIES cmv_mat_view2
POSTHOOK: type: SHOW_TBLPROPERTIES
COLUMN_STATS_ACCURATE	{"BASIC_STATS":"true"}
druid.datasource	default.cmv_mat_view2
druid.segment.granularity	HOUR
numFiles	0
numRows	2
rawDataSize	0
storage_handler	org.apache.hadoop.hive.druid.DruidStorageHandler
totalSize	0
#### A masked pattern was here ####
PREHOOK: query: EXPLAIN
SELECT a, c
FROM cmv_basetable
WHERE a = 3
PREHOOK: type: QUERY
POSTHOOK: query: EXPLAIN
SELECT a, c
FROM cmv_basetable
WHERE a = 3
POSTHOOK: type: QUERY
STAGE DEPENDENCIES:
<<<<<<< HEAD
  Stage-1 is a root stage
  Stage-0 depends on stages: Stage-1

STAGE PLANS:
  Stage: Stage-1
    Map Reduce
      Map Operator Tree:
          TableScan
            alias: cmv_basetable
            Statistics: Num rows: 1 Data size: 9310 Basic stats: COMPLETE Column stats: NONE
            Filter Operator
              predicate: (a = 3) (type: boolean)
              Statistics: Num rows: 1 Data size: 9310 Basic stats: COMPLETE Column stats: NONE
              Select Operator
                expressions: 3 (type: int), c (type: decimal(10,2))
                outputColumnNames: _col0, _col1
                Statistics: Num rows: 1 Data size: 9310 Basic stats: COMPLETE Column stats: NONE
                File Output Operator
                  compressed: false
                  Statistics: Num rows: 1 Data size: 9310 Basic stats: COMPLETE Column stats: NONE
                  table:
                      input format: org.apache.hadoop.mapred.SequenceFileInputFormat
                      output format: org.apache.hadoop.hive.ql.io.HiveSequenceFileOutputFormat
                      serde: org.apache.hadoop.hive.serde2.lazy.LazySimpleSerDe

=======
  Stage-0 is a root stage

STAGE PLANS:
>>>>>>> 9c9d1a9... add result file
  Stage: Stage-0
    Fetch Operator
      limit: -1
      Processor Tree:
<<<<<<< HEAD
        ListSink
=======
        TableScan
          alias: cmv_mat_view2
          properties:
            druid.query.json {"queryType":"select","dataSource":"default.cmv_mat_view2","descending":false,"intervals":["1900-01-01T00:00:00.000Z/3000-01-01T00:00:00.000Z"],"dimensions":[],"metrics":["a","c"],"granularity":"all","pagingSpec":{"threshold":16384,"fromNext":true},"context":{"druid.query.fetch":false}}
            druid.query.type select
          Select Operator
            expressions: a (type: int), c (type: decimal(10,2))
            outputColumnNames: _col0, _col1
            ListSink
>>>>>>> 9c9d1a9... add result file

PREHOOK: query: SELECT a, c
FROM cmv_basetable
WHERE a = 3
PREHOOK: type: QUERY
PREHOOK: Input: default@cmv_basetable
<<<<<<< HEAD
#### A masked pattern was here ####
=======
PREHOOK: Input: default@cmv_mat_view2
PREHOOK: Output: hdfs://### HDFS PATH ###
>>>>>>> 9c9d1a9... add result file
POSTHOOK: query: SELECT a, c
FROM cmv_basetable
WHERE a = 3
POSTHOOK: type: QUERY
POSTHOOK: Input: default@cmv_basetable
<<<<<<< HEAD
#### A masked pattern was here ####
3	9.80
3	978.76
Warning: Shuffle Join JOIN[8][tables = [$hdt$_0, $hdt$_1]] in Stage 'Stage-1:MAPRED' is a cross product
=======
POSTHOOK: Input: default@cmv_mat_view2
POSTHOOK: Output: hdfs://### HDFS PATH ###
6	988.56
Warning: Shuffle Join MERGEJOIN[10][tables = [cmv_mat_view2, $hdt$_0]] in Stage 'Reducer 2' is a cross product
>>>>>>> 9c9d1a9... add result file
PREHOOK: query: EXPLAIN
SELECT * FROM (
  (SELECT a, c FROM cmv_basetable WHERE a = 3) table1
  JOIN
  (SELECT a, c FROM cmv_basetable WHERE d = 3) table2
  ON table1.a = table2.a)
PREHOOK: type: QUERY
POSTHOOK: query: EXPLAIN
SELECT * FROM (
  (SELECT a, c FROM cmv_basetable WHERE a = 3) table1
  JOIN
  (SELECT a, c FROM cmv_basetable WHERE d = 3) table2
  ON table1.a = table2.a)
POSTHOOK: type: QUERY
STAGE DEPENDENCIES:
  Stage-1 is a root stage
  Stage-0 depends on stages: Stage-1

STAGE PLANS:
  Stage: Stage-1
<<<<<<< HEAD
    Map Reduce
      Map Operator Tree:
          TableScan
            alias: cmv_basetable
            Statistics: Num rows: 1 Data size: 9310 Basic stats: COMPLETE Column stats: NONE
            Filter Operator
              predicate: (a = 3) (type: boolean)
              Statistics: Num rows: 1 Data size: 9310 Basic stats: COMPLETE Column stats: NONE
              Select Operator
                expressions: c (type: decimal(10,2))
                outputColumnNames: _col0
                Statistics: Num rows: 1 Data size: 9310 Basic stats: COMPLETE Column stats: NONE
                Reduce Output Operator
                  sort order: 
                  Statistics: Num rows: 1 Data size: 9310 Basic stats: COMPLETE Column stats: NONE
                  value expressions: _col0 (type: decimal(10,2))
          TableScan
            alias: cmv_basetable
            Statistics: Num rows: 1 Data size: 9310 Basic stats: COMPLETE Column stats: NONE
            Filter Operator
              predicate: ((3 = a) and (d = 3)) (type: boolean)
              Statistics: Num rows: 1 Data size: 9310 Basic stats: COMPLETE Column stats: NONE
              Select Operator
                expressions: c (type: decimal(10,2))
                outputColumnNames: _col0
                Statistics: Num rows: 1 Data size: 9310 Basic stats: COMPLETE Column stats: NONE
                Reduce Output Operator
                  sort order: 
                  Statistics: Num rows: 1 Data size: 9310 Basic stats: COMPLETE Column stats: NONE
                  value expressions: _col0 (type: decimal(10,2))
      Reduce Operator Tree:
        Join Operator
          condition map:
               Inner Join 0 to 1
          keys:
            0 
            1 
          outputColumnNames: _col0, _col1
          Statistics: Num rows: 1 Data size: 18621 Basic stats: COMPLETE Column stats: NONE
          Select Operator
            expressions: 3 (type: int), _col0 (type: decimal(10,2)), 3 (type: int), _col1 (type: decimal(10,2))
            outputColumnNames: _col0, _col1, _col2, _col3
            Statistics: Num rows: 1 Data size: 18621 Basic stats: COMPLETE Column stats: NONE
            File Output Operator
              compressed: false
              Statistics: Num rows: 1 Data size: 18621 Basic stats: COMPLETE Column stats: NONE
              table:
                  input format: org.apache.hadoop.mapred.SequenceFileInputFormat
                  output format: org.apache.hadoop.hive.ql.io.HiveSequenceFileOutputFormat
                  serde: org.apache.hadoop.hive.serde2.lazy.LazySimpleSerDe
=======
    Tez
#### A masked pattern was here ####
      Edges:
        Reducer 2 <- Map 1 (XPROD_EDGE), Map 3 (XPROD_EDGE)
#### A masked pattern was here ####
      Vertices:
        Map 1 
            Map Operator Tree:
                TableScan
                  alias: cmv_basetable
                  Statistics: Num rows: 1 Data size: 120 Basic stats: COMPLETE Column stats: NONE
                  Filter Operator
                    predicate: ((3 = a) and (d = 3)) (type: boolean)
                    Statistics: Num rows: 1 Data size: 120 Basic stats: COMPLETE Column stats: NONE
                    Select Operator
                      expressions: c (type: decimal(10,2))
                      outputColumnNames: _col0
                      Statistics: Num rows: 1 Data size: 120 Basic stats: COMPLETE Column stats: NONE
                      Reduce Output Operator
                        sort order: 
                        Statistics: Num rows: 1 Data size: 120 Basic stats: COMPLETE Column stats: NONE
                        value expressions: _col0 (type: decimal(10,2))
        Map 3 
            Map Operator Tree:
                TableScan
                  alias: cmv_mat_view2
                  properties:
                    druid.query.json {"queryType":"select","dataSource":"default.cmv_mat_view2","descending":false,"intervals":["1900-01-01T00:00:00.000Z/3000-01-01T00:00:00.000Z"],"dimensions":[],"metrics":["c"],"granularity":"all","pagingSpec":{"threshold":16384,"fromNext":true},"context":{"druid.query.fetch":false}}
                    druid.query.type select
                  Statistics: Num rows: 2 Data size: 224 Basic stats: COMPLETE Column stats: NONE
                  Reduce Output Operator
                    sort order: 
                    Statistics: Num rows: 2 Data size: 224 Basic stats: COMPLETE Column stats: NONE
                    value expressions: c (type: decimal(10,2))
        Reducer 2 
            Reduce Operator Tree:
              Merge Join Operator
                condition map:
                     Inner Join 0 to 1
                keys:
                  0 
                  1 
                outputColumnNames: _col1, _col5
                Statistics: Num rows: 2 Data size: 466 Basic stats: COMPLETE Column stats: NONE
                Select Operator
                  expressions: 3 (type: int), _col1 (type: decimal(10,2)), 3 (type: int), _col5 (type: decimal(10,2))
                  outputColumnNames: _col0, _col1, _col2, _col3
                  Statistics: Num rows: 2 Data size: 466 Basic stats: COMPLETE Column stats: NONE
                  File Output Operator
                    compressed: false
                    Statistics: Num rows: 2 Data size: 466 Basic stats: COMPLETE Column stats: NONE
                    table:
                        input format: org.apache.hadoop.mapred.SequenceFileInputFormat
                        output format: org.apache.hadoop.hive.ql.io.HiveSequenceFileOutputFormat
                        serde: org.apache.hadoop.hive.serde2.lazy.LazySimpleSerDe
>>>>>>> 9c9d1a9... add result file

  Stage: Stage-0
    Fetch Operator
      limit: -1
      Processor Tree:
        ListSink

<<<<<<< HEAD
Warning: Shuffle Join JOIN[8][tables = [$hdt$_0, $hdt$_1]] in Stage 'Stage-1:MAPRED' is a cross product
=======
Warning: Shuffle Join MERGEJOIN[10][tables = [cmv_mat_view2, $hdt$_0]] in Stage 'Reducer 2' is a cross product
>>>>>>> 9c9d1a9... add result file
PREHOOK: query: SELECT * FROM (
  (SELECT a, c FROM cmv_basetable WHERE a = 3) table1
  JOIN
  (SELECT a, c FROM cmv_basetable WHERE d = 3) table2
  ON table1.a = table2.a)
PREHOOK: type: QUERY
PREHOOK: Input: default@cmv_basetable
<<<<<<< HEAD
#### A masked pattern was here ####
=======
PREHOOK: Input: default@cmv_mat_view2
PREHOOK: Output: hdfs://### HDFS PATH ###
>>>>>>> 9c9d1a9... add result file
POSTHOOK: query: SELECT * FROM (
  (SELECT a, c FROM cmv_basetable WHERE a = 3) table1
  JOIN
  (SELECT a, c FROM cmv_basetable WHERE d = 3) table2
  ON table1.a = table2.a)
POSTHOOK: type: QUERY
POSTHOOK: Input: default@cmv_basetable
<<<<<<< HEAD
#### A masked pattern was here ####
3	9.80	3	978.76
3	978.76	3	978.76
=======
POSTHOOK: Input: default@cmv_mat_view2
POSTHOOK: Output: hdfs://### HDFS PATH ###
3	988.56	3	978.76
>>>>>>> 9c9d1a9... add result file
PREHOOK: query: INSERT INTO cmv_basetable VALUES
 (3, 'charlie', 15.8, 1)
PREHOOK: type: QUERY
PREHOOK: Input: _dummy_database@_dummy_table
PREHOOK: Output: default@cmv_basetable
POSTHOOK: query: INSERT INTO cmv_basetable VALUES
 (3, 'charlie', 15.8, 1)
POSTHOOK: type: QUERY
POSTHOOK: Input: _dummy_database@_dummy_table
POSTHOOK: Output: default@cmv_basetable
POSTHOOK: Lineage: cmv_basetable.a SCRIPT []
POSTHOOK: Lineage: cmv_basetable.b SCRIPT []
POSTHOOK: Lineage: cmv_basetable.c SCRIPT []
POSTHOOK: Lineage: cmv_basetable.d SCRIPT []
<<<<<<< HEAD
Warning: Shuffle Join JOIN[8][tables = [$hdt$_0, $hdt$_1]] in Stage 'Stage-1:MAPRED' is a cross product
=======
Warning: Shuffle Join MERGEJOIN[13][tables = [$hdt$_0, $hdt$_1]] in Stage 'Reducer 2' is a cross product
>>>>>>> 9c9d1a9... add result file
PREHOOK: query: EXPLAIN
SELECT * FROM (
  (SELECT a, c FROM cmv_basetable WHERE a = 3) table1
  JOIN
  (SELECT a, c FROM cmv_basetable WHERE d = 3) table2
  ON table1.a = table2.a)
PREHOOK: type: QUERY
POSTHOOK: query: EXPLAIN
SELECT * FROM (
  (SELECT a, c FROM cmv_basetable WHERE a = 3) table1
  JOIN
  (SELECT a, c FROM cmv_basetable WHERE d = 3) table2
  ON table1.a = table2.a)
POSTHOOK: type: QUERY
STAGE DEPENDENCIES:
  Stage-1 is a root stage
  Stage-0 depends on stages: Stage-1

STAGE PLANS:
  Stage: Stage-1
<<<<<<< HEAD
    Map Reduce
      Map Operator Tree:
          TableScan
            alias: cmv_basetable
            Statistics: Num rows: 1 Data size: 17540 Basic stats: COMPLETE Column stats: NONE
            Filter Operator
              predicate: (a = 3) (type: boolean)
              Statistics: Num rows: 1 Data size: 17540 Basic stats: COMPLETE Column stats: NONE
              Select Operator
                expressions: c (type: decimal(10,2))
                outputColumnNames: _col0
                Statistics: Num rows: 1 Data size: 17540 Basic stats: COMPLETE Column stats: NONE
                Reduce Output Operator
                  sort order: 
                  Statistics: Num rows: 1 Data size: 17540 Basic stats: COMPLETE Column stats: NONE
                  value expressions: _col0 (type: decimal(10,2))
          TableScan
            alias: cmv_basetable
            Statistics: Num rows: 1 Data size: 17540 Basic stats: COMPLETE Column stats: NONE
            Filter Operator
              predicate: ((3 = a) and (d = 3)) (type: boolean)
              Statistics: Num rows: 1 Data size: 17540 Basic stats: COMPLETE Column stats: NONE
              Select Operator
                expressions: c (type: decimal(10,2))
                outputColumnNames: _col0
                Statistics: Num rows: 1 Data size: 17540 Basic stats: COMPLETE Column stats: NONE
                Reduce Output Operator
                  sort order: 
                  Statistics: Num rows: 1 Data size: 17540 Basic stats: COMPLETE Column stats: NONE
                  value expressions: _col0 (type: decimal(10,2))
      Reduce Operator Tree:
        Join Operator
          condition map:
               Inner Join 0 to 1
          keys:
            0 
            1 
          outputColumnNames: _col0, _col1
          Statistics: Num rows: 1 Data size: 35081 Basic stats: COMPLETE Column stats: NONE
          Select Operator
            expressions: 3 (type: int), _col0 (type: decimal(10,2)), 3 (type: int), _col1 (type: decimal(10,2))
            outputColumnNames: _col0, _col1, _col2, _col3
            Statistics: Num rows: 1 Data size: 35081 Basic stats: COMPLETE Column stats: NONE
            File Output Operator
              compressed: false
              Statistics: Num rows: 1 Data size: 35081 Basic stats: COMPLETE Column stats: NONE
              table:
                  input format: org.apache.hadoop.mapred.SequenceFileInputFormat
                  output format: org.apache.hadoop.hive.ql.io.HiveSequenceFileOutputFormat
                  serde: org.apache.hadoop.hive.serde2.lazy.LazySimpleSerDe
=======
    Tez
#### A masked pattern was here ####
      Edges:
        Reducer 2 <- Map 1 (XPROD_EDGE), Map 3 (XPROD_EDGE)
#### A masked pattern was here ####
      Vertices:
        Map 1 
            Map Operator Tree:
                TableScan
                  alias: cmv_basetable
                  Statistics: Num rows: 1 Data size: 116 Basic stats: COMPLETE Column stats: NONE
                  Filter Operator
                    predicate: (a = 3) (type: boolean)
                    Statistics: Num rows: 1 Data size: 116 Basic stats: COMPLETE Column stats: NONE
                    Select Operator
                      expressions: c (type: decimal(10,2))
                      outputColumnNames: _col0
                      Statistics: Num rows: 1 Data size: 116 Basic stats: COMPLETE Column stats: NONE
                      Reduce Output Operator
                        sort order: 
                        Statistics: Num rows: 1 Data size: 116 Basic stats: COMPLETE Column stats: NONE
                        value expressions: _col0 (type: decimal(10,2))
        Map 3 
            Map Operator Tree:
                TableScan
                  alias: cmv_basetable
                  Statistics: Num rows: 1 Data size: 120 Basic stats: COMPLETE Column stats: NONE
                  Filter Operator
                    predicate: ((3 = a) and (d = 3)) (type: boolean)
                    Statistics: Num rows: 1 Data size: 120 Basic stats: COMPLETE Column stats: NONE
                    Select Operator
                      expressions: c (type: decimal(10,2))
                      outputColumnNames: _col0
                      Statistics: Num rows: 1 Data size: 120 Basic stats: COMPLETE Column stats: NONE
                      Reduce Output Operator
                        sort order: 
                        Statistics: Num rows: 1 Data size: 120 Basic stats: COMPLETE Column stats: NONE
                        value expressions: _col0 (type: decimal(10,2))
        Reducer 2 
            Reduce Operator Tree:
              Merge Join Operator
                condition map:
                     Inner Join 0 to 1
                keys:
                  0 
                  1 
                outputColumnNames: _col0, _col1
                Statistics: Num rows: 1 Data size: 237 Basic stats: COMPLETE Column stats: NONE
                Select Operator
                  expressions: 3 (type: int), _col0 (type: decimal(10,2)), 3 (type: int), _col1 (type: decimal(10,2))
                  outputColumnNames: _col0, _col1, _col2, _col3
                  Statistics: Num rows: 1 Data size: 237 Basic stats: COMPLETE Column stats: NONE
                  File Output Operator
                    compressed: false
                    Statistics: Num rows: 1 Data size: 237 Basic stats: COMPLETE Column stats: NONE
                    table:
                        input format: org.apache.hadoop.mapred.SequenceFileInputFormat
                        output format: org.apache.hadoop.hive.ql.io.HiveSequenceFileOutputFormat
                        serde: org.apache.hadoop.hive.serde2.lazy.LazySimpleSerDe
>>>>>>> 9c9d1a9... add result file

  Stage: Stage-0
    Fetch Operator
      limit: -1
      Processor Tree:
        ListSink

<<<<<<< HEAD
Warning: Shuffle Join JOIN[8][tables = [$hdt$_0, $hdt$_1]] in Stage 'Stage-1:MAPRED' is a cross product
=======
Warning: Shuffle Join MERGEJOIN[13][tables = [$hdt$_0, $hdt$_1]] in Stage 'Reducer 2' is a cross product
>>>>>>> 9c9d1a9... add result file
PREHOOK: query: SELECT * FROM (
  (SELECT a, c FROM cmv_basetable WHERE a = 3) table1
  JOIN
  (SELECT a, c FROM cmv_basetable WHERE d = 3) table2
  ON table1.a = table2.a)
PREHOOK: type: QUERY
PREHOOK: Input: default@cmv_basetable
<<<<<<< HEAD
#### A masked pattern was here ####
=======
PREHOOK: Output: hdfs://### HDFS PATH ###
>>>>>>> 9c9d1a9... add result file
POSTHOOK: query: SELECT * FROM (
  (SELECT a, c FROM cmv_basetable WHERE a = 3) table1
  JOIN
  (SELECT a, c FROM cmv_basetable WHERE d = 3) table2
  ON table1.a = table2.a)
POSTHOOK: type: QUERY
POSTHOOK: Input: default@cmv_basetable
<<<<<<< HEAD
#### A masked pattern was here ####
3	15.80	3	978.76
3	9.80	3	978.76
3	978.76	3	978.76
Warning: Shuffle Join JOIN[8][tables = [$hdt$_0, $hdt$_1]] in Stage 'Stage-1:MAPRED' is a cross product
=======
POSTHOOK: Output: hdfs://### HDFS PATH ###
3	15.80	3	978.76
3	9.80	3	978.76
3	978.76	3	978.76
Warning: Shuffle Join MERGEJOIN[13][tables = [$hdt$_0, $hdt$_1]] in Stage 'Reducer 2' is a cross product
>>>>>>> 9c9d1a9... add result file
PREHOOK: query: EXPLAIN
SELECT * FROM (
  (SELECT a, c FROM cmv_basetable WHERE a = 3) table1
  JOIN
  (SELECT a, c FROM cmv_basetable WHERE d = 3) table2
  ON table1.a = table2.a)
PREHOOK: type: QUERY
POSTHOOK: query: EXPLAIN
SELECT * FROM (
  (SELECT a, c FROM cmv_basetable WHERE a = 3) table1
  JOIN
  (SELECT a, c FROM cmv_basetable WHERE d = 3) table2
  ON table1.a = table2.a)
POSTHOOK: type: QUERY
STAGE DEPENDENCIES:
  Stage-1 is a root stage
  Stage-0 depends on stages: Stage-1

STAGE PLANS:
  Stage: Stage-1
<<<<<<< HEAD
    Map Reduce
      Map Operator Tree:
          TableScan
            alias: cmv_basetable
            Statistics: Num rows: 1 Data size: 17540 Basic stats: COMPLETE Column stats: NONE
            Filter Operator
              predicate: (a = 3) (type: boolean)
              Statistics: Num rows: 1 Data size: 17540 Basic stats: COMPLETE Column stats: NONE
              Select Operator
                expressions: c (type: decimal(10,2))
                outputColumnNames: _col0
                Statistics: Num rows: 1 Data size: 17540 Basic stats: COMPLETE Column stats: NONE
                Reduce Output Operator
                  sort order: 
                  Statistics: Num rows: 1 Data size: 17540 Basic stats: COMPLETE Column stats: NONE
                  value expressions: _col0 (type: decimal(10,2))
          TableScan
            alias: cmv_basetable
            Statistics: Num rows: 1 Data size: 17540 Basic stats: COMPLETE Column stats: NONE
            Filter Operator
              predicate: ((3 = a) and (d = 3)) (type: boolean)
              Statistics: Num rows: 1 Data size: 17540 Basic stats: COMPLETE Column stats: NONE
              Select Operator
                expressions: c (type: decimal(10,2))
                outputColumnNames: _col0
                Statistics: Num rows: 1 Data size: 17540 Basic stats: COMPLETE Column stats: NONE
                Reduce Output Operator
                  sort order: 
                  Statistics: Num rows: 1 Data size: 17540 Basic stats: COMPLETE Column stats: NONE
                  value expressions: _col0 (type: decimal(10,2))
      Reduce Operator Tree:
        Join Operator
          condition map:
               Inner Join 0 to 1
          keys:
            0 
            1 
          outputColumnNames: _col0, _col1
          Statistics: Num rows: 1 Data size: 35081 Basic stats: COMPLETE Column stats: NONE
          Select Operator
            expressions: 3 (type: int), _col0 (type: decimal(10,2)), 3 (type: int), _col1 (type: decimal(10,2))
            outputColumnNames: _col0, _col1, _col2, _col3
            Statistics: Num rows: 1 Data size: 35081 Basic stats: COMPLETE Column stats: NONE
            File Output Operator
              compressed: false
              Statistics: Num rows: 1 Data size: 35081 Basic stats: COMPLETE Column stats: NONE
              table:
                  input format: org.apache.hadoop.mapred.SequenceFileInputFormat
                  output format: org.apache.hadoop.hive.ql.io.HiveSequenceFileOutputFormat
                  serde: org.apache.hadoop.hive.serde2.lazy.LazySimpleSerDe
=======
    Tez
#### A masked pattern was here ####
      Edges:
        Reducer 2 <- Map 1 (XPROD_EDGE), Map 3 (XPROD_EDGE)
#### A masked pattern was here ####
      Vertices:
        Map 1 
            Map Operator Tree:
                TableScan
                  alias: cmv_basetable
                  Statistics: Num rows: 1 Data size: 116 Basic stats: COMPLETE Column stats: NONE
                  Filter Operator
                    predicate: (a = 3) (type: boolean)
                    Statistics: Num rows: 1 Data size: 116 Basic stats: COMPLETE Column stats: NONE
                    Select Operator
                      expressions: c (type: decimal(10,2))
                      outputColumnNames: _col0
                      Statistics: Num rows: 1 Data size: 116 Basic stats: COMPLETE Column stats: NONE
                      Reduce Output Operator
                        sort order: 
                        Statistics: Num rows: 1 Data size: 116 Basic stats: COMPLETE Column stats: NONE
                        value expressions: _col0 (type: decimal(10,2))
        Map 3 
            Map Operator Tree:
                TableScan
                  alias: cmv_basetable
                  Statistics: Num rows: 1 Data size: 120 Basic stats: COMPLETE Column stats: NONE
                  Filter Operator
                    predicate: ((3 = a) and (d = 3)) (type: boolean)
                    Statistics: Num rows: 1 Data size: 120 Basic stats: COMPLETE Column stats: NONE
                    Select Operator
                      expressions: c (type: decimal(10,2))
                      outputColumnNames: _col0
                      Statistics: Num rows: 1 Data size: 120 Basic stats: COMPLETE Column stats: NONE
                      Reduce Output Operator
                        sort order: 
                        Statistics: Num rows: 1 Data size: 120 Basic stats: COMPLETE Column stats: NONE
                        value expressions: _col0 (type: decimal(10,2))
        Reducer 2 
            Reduce Operator Tree:
              Merge Join Operator
                condition map:
                     Inner Join 0 to 1
                keys:
                  0 
                  1 
                outputColumnNames: _col0, _col1
                Statistics: Num rows: 1 Data size: 237 Basic stats: COMPLETE Column stats: NONE
                Select Operator
                  expressions: 3 (type: int), _col0 (type: decimal(10,2)), 3 (type: int), _col1 (type: decimal(10,2))
                  outputColumnNames: _col0, _col1, _col2, _col3
                  Statistics: Num rows: 1 Data size: 237 Basic stats: COMPLETE Column stats: NONE
                  File Output Operator
                    compressed: false
                    Statistics: Num rows: 1 Data size: 237 Basic stats: COMPLETE Column stats: NONE
                    table:
                        input format: org.apache.hadoop.mapred.SequenceFileInputFormat
                        output format: org.apache.hadoop.hive.ql.io.HiveSequenceFileOutputFormat
                        serde: org.apache.hadoop.hive.serde2.lazy.LazySimpleSerDe
>>>>>>> 9c9d1a9... add result file

  Stage: Stage-0
    Fetch Operator
      limit: -1
      Processor Tree:
        ListSink

<<<<<<< HEAD
Warning: Shuffle Join JOIN[8][tables = [$hdt$_0, $hdt$_1]] in Stage 'Stage-1:MAPRED' is a cross product
=======
Warning: Shuffle Join MERGEJOIN[13][tables = [$hdt$_0, $hdt$_1]] in Stage 'Reducer 2' is a cross product
>>>>>>> 9c9d1a9... add result file
PREHOOK: query: SELECT * FROM (
  (SELECT a, c FROM cmv_basetable WHERE a = 3) table1
  JOIN
  (SELECT a, c FROM cmv_basetable WHERE d = 3) table2
  ON table1.a = table2.a)
PREHOOK: type: QUERY
PREHOOK: Input: default@cmv_basetable
<<<<<<< HEAD
#### A masked pattern was here ####
=======
PREHOOK: Output: hdfs://### HDFS PATH ###
>>>>>>> 9c9d1a9... add result file
POSTHOOK: query: SELECT * FROM (
  (SELECT a, c FROM cmv_basetable WHERE a = 3) table1
  JOIN
  (SELECT a, c FROM cmv_basetable WHERE d = 3) table2
  ON table1.a = table2.a)
POSTHOOK: type: QUERY
POSTHOOK: Input: default@cmv_basetable
<<<<<<< HEAD
#### A masked pattern was here ####
=======
POSTHOOK: Output: hdfs://### HDFS PATH ###
>>>>>>> 9c9d1a9... add result file
3	15.80	3	978.76
3	9.80	3	978.76
3	978.76	3	978.76
PREHOOK: query: DROP MATERIALIZED VIEW cmv_mat_view
PREHOOK: type: DROP_MATERIALIZED_VIEW
PREHOOK: Input: default@cmv_mat_view
PREHOOK: Output: default@cmv_mat_view
POSTHOOK: query: DROP MATERIALIZED VIEW cmv_mat_view
POSTHOOK: type: DROP_MATERIALIZED_VIEW
POSTHOOK: Input: default@cmv_mat_view
POSTHOOK: Output: default@cmv_mat_view
PREHOOK: query: DROP MATERIALIZED VIEW cmv_mat_view2
PREHOOK: type: DROP_MATERIALIZED_VIEW
PREHOOK: Input: default@cmv_mat_view2
PREHOOK: Output: default@cmv_mat_view2
POSTHOOK: query: DROP MATERIALIZED VIEW cmv_mat_view2
POSTHOOK: type: DROP_MATERIALIZED_VIEW
POSTHOOK: Input: default@cmv_mat_view2
POSTHOOK: Output: default@cmv_mat_view2
PREHOOK: query: DROP TABLE cmv_basetable
PREHOOK: type: DROPTABLE
PREHOOK: Input: default@cmv_basetable
PREHOOK: Output: default@cmv_basetable
POSTHOOK: query: DROP TABLE cmv_basetable
POSTHOOK: type: DROPTABLE
POSTHOOK: Input: default@cmv_basetable
POSTHOOK: Output: default@cmv_basetable
